DEBUG    - [MainThread|MainProcess] - websockets.client - protocol.py:read_frame:1177 | < TEXT '{"time":1741795209,"self_id":3949941233,"post_t...true},"interval":30000}' [149 bytes]
DEBUG    - [MainThread|MainProcess] - Loger - connect.py:on_message:34 | {'time': 1741795209, 'self_id': 3949941233, 'post_type': 'meta_event', 'meta_event_type': 'heartbeat', 'status': {'online': True, 'good': True}, 'interval': 30000}
DEBUG    - [MainThread|MainProcess] - websockets.client - protocol.py:keepalive_ping:1270 | % sending keepalive ping
DEBUG    - [MainThread|MainProcess] - websockets.client - protocol.py:write_frame_sync:1183 | > PING 26 df 66 d6 [binary, 4 bytes]
DEBUG    - [MainThread|MainProcess] - websockets.client - protocol.py:read_frame:1177 | < PONG 26 df 66 d6 [binary, 4 bytes]
DEBUG    - [MainThread|MainProcess] - websockets.client - protocol.py:read_frame:1177 | < PONG '' [0 bytes]
DEBUG    - [MainThread|MainProcess] - websockets.client - protocol.py:keepalive_ping:1280 | % received keepalive pong
DEBUG    - [MainThread|MainProcess] - websockets.client - protocol.py:keepalive_ping:1270 | % sending keepalive ping
DEBUG    - [MainThread|MainProcess] - websockets.client - protocol.py:write_frame_sync:1183 | > PING dd 17 12 ff [binary, 4 bytes]
DEBUG    - [MainThread|MainProcess] - websockets.client - protocol.py:read_frame:1177 | < PONG dd 17 12 ff [binary, 4 bytes]
DEBUG    - [MainThread|MainProcess] - websockets.client - protocol.py:read_frame:1177 | < PONG '' [0 bytes]
DEBUG    - [MainThread|MainProcess] - websockets.client - protocol.py:keepalive_ping:1280 | % received keepalive pong
DEBUG    - [MainThread|MainProcess] - websockets.client - protocol.py:read_frame:1177 | < TEXT '{"time":1741795239,"self_id":3949941233,"post_t...true},"interval":30000}' [149 bytes]
DEBUG    - [MainThread|MainProcess] - Loger - connect.py:on_message:34 | {'time': 1741795239, 'self_id': 3949941233, 'post_type': 'meta_event', 'meta_event_type': 'heartbeat', 'status': {'online': True, 'good': True}, 'interval': 30000}
DEBUG    - [MainThread|MainProcess] - websockets.client - protocol.py:keepalive_ping:1270 | % sending keepalive ping
DEBUG    - [MainThread|MainProcess] - websockets.client - protocol.py:write_frame_sync:1183 | > PING 64 d0 41 43 [binary, 4 bytes]
DEBUG    - [MainThread|MainProcess] - websockets.client - protocol.py:read_frame:1177 | < PONG 64 d0 41 43 [binary, 4 bytes]
DEBUG    - [MainThread|MainProcess] - websockets.client - protocol.py:read_frame:1177 | < PONG '' [0 bytes]
DEBUG    - [MainThread|MainProcess] - websockets.client - protocol.py:keepalive_ping:1280 | % received keepalive pong
DEBUG    - [MainThread|MainProcess] - websockets.client - protocol.py:read_frame:1177 | < TEXT '{"time":1741795269,"self_id":3949941233,"post_t...true},"interval":30000}' [149 bytes]
DEBUG    - [MainThread|MainProcess] - Loger - connect.py:on_message:34 | {'time': 1741795269, 'self_id': 3949941233, 'post_type': 'meta_event', 'meta_event_type': 'heartbeat', 'status': {'online': True, 'good': True}, 'interval': 30000}
DEBUG    - [MainThread|MainProcess] - websockets.client - protocol.py:keepalive_ping:1270 | % sending keepalive ping
DEBUG    - [MainThread|MainProcess] - websockets.client - protocol.py:write_frame_sync:1183 | > PING f1 a3 f5 20 [binary, 4 bytes]
DEBUG    - [MainThread|MainProcess] - websockets.client - protocol.py:read_frame:1177 | < PONG f1 a3 f5 20 [binary, 4 bytes]
DEBUG    - [MainThread|MainProcess] - websockets.client - protocol.py:read_frame:1177 | < PONG '' [0 bytes]
DEBUG    - [MainThread|MainProcess] - websockets.client - protocol.py:keepalive_ping:1280 | % received keepalive pong
DEBUG    - [MainThread|MainProcess] - websockets.client - protocol.py:keepalive_ping:1270 | % sending keepalive ping
DEBUG    - [MainThread|MainProcess] - websockets.client - protocol.py:write_frame_sync:1183 | > PING '\rGӓ' [text, 4 bytes]
DEBUG    - [MainThread|MainProcess] - websockets.client - protocol.py:read_frame:1177 | < PONG '\rGӓ' [text, 4 bytes]
DEBUG    - [MainThread|MainProcess] - websockets.client - protocol.py:read_frame:1177 | < PONG '' [0 bytes]
DEBUG    - [MainThread|MainProcess] - websockets.client - protocol.py:keepalive_ping:1280 | % received keepalive pong
DEBUG    - [MainThread|MainProcess] - websockets.client - protocol.py:read_frame:1177 | < TEXT '{"time":1741795299,"self_id":3949941233,"post_t...true},"interval":30000}' [149 bytes]
DEBUG    - [MainThread|MainProcess] - Loger - connect.py:on_message:34 | {'time': 1741795299, 'self_id': 3949941233, 'post_type': 'meta_event', 'meta_event_type': 'heartbeat', 'status': {'online': True, 'good': True}, 'interval': 30000}
DEBUG    - [MainThread|MainProcess] - websockets.client - protocol.py:keepalive_ping:1270 | % sending keepalive ping
DEBUG    - [MainThread|MainProcess] - websockets.client - protocol.py:write_frame_sync:1183 | > PING 0c 76 85 3e [binary, 4 bytes]
DEBUG    - [MainThread|MainProcess] - websockets.client - protocol.py:read_frame:1177 | < PONG 0c 76 85 3e [binary, 4 bytes]
DEBUG    - [MainThread|MainProcess] - websockets.client - protocol.py:read_frame:1177 | < PONG '' [0 bytes]
DEBUG    - [MainThread|MainProcess] - websockets.client - protocol.py:keepalive_ping:1280 | % received keepalive pong
DEBUG    - [MainThread|MainProcess] - websockets.client - protocol.py:read_frame:1177 | < TEXT '{"time":1741795329,"self_id":3949941233,"post_t...true},"interval":30000}' [149 bytes]
DEBUG    - [MainThread|MainProcess] - Loger - connect.py:on_message:34 | {'time': 1741795329, 'self_id': 3949941233, 'post_type': 'meta_event', 'meta_event_type': 'heartbeat', 'status': {'online': True, 'good': True}, 'interval': 30000}
DEBUG    - [MainThread|MainProcess] - websockets.client - protocol.py:keepalive_ping:1270 | % sending keepalive ping
DEBUG    - [MainThread|MainProcess] - websockets.client - protocol.py:write_frame_sync:1183 | > PING 45 b6 48 5d [binary, 4 bytes]
DEBUG    - [MainThread|MainProcess] - websockets.client - protocol.py:read_frame:1177 | < PONG 45 b6 48 5d [binary, 4 bytes]
DEBUG    - [MainThread|MainProcess] - websockets.client - protocol.py:read_frame:1177 | < PONG '' [0 bytes]
DEBUG    - [MainThread|MainProcess] - websockets.client - protocol.py:keepalive_ping:1280 | % received keepalive pong
DEBUG    - [MainThread|MainProcess] - websockets.client - protocol.py:keepalive_ping:1270 | % sending keepalive ping
DEBUG    - [MainThread|MainProcess] - websockets.client - protocol.py:write_frame_sync:1183 | > PING 90 85 ed b5 [binary, 4 bytes]
DEBUG    - [MainThread|MainProcess] - websockets.client - protocol.py:read_frame:1177 | < PONG 90 85 ed b5 [binary, 4 bytes]
DEBUG    - [MainThread|MainProcess] - websockets.client - protocol.py:keepalive_ping:1280 | % received keepalive pong
DEBUG    - [MainThread|MainProcess] - websockets.client - protocol.py:read_frame:1177 | < PONG '' [0 bytes]
DEBUG    - [MainThread|MainProcess] - websockets.client - protocol.py:read_frame:1177 | < TEXT '{"time":1741795359,"self_id":3949941233,"post_t...true},"interval":30000}' [149 bytes]
DEBUG    - [MainThread|MainProcess] - Loger - connect.py:on_message:34 | {'time': 1741795359, 'self_id': 3949941233, 'post_type': 'meta_event', 'meta_event_type': 'heartbeat', 'status': {'online': True, 'good': True}, 'interval': 30000}
DEBUG    - [MainThread|MainProcess] - websockets.client - protocol.py:keepalive_ping:1270 | % sending keepalive ping
DEBUG    - [MainThread|MainProcess] - websockets.client - protocol.py:write_frame_sync:1183 | > PING 35 4f e0 55 [binary, 4 bytes]
DEBUG    - [MainThread|MainProcess] - websockets.client - protocol.py:read_frame:1177 | < PONG 35 4f e0 55 [binary, 4 bytes]
DEBUG    - [MainThread|MainProcess] - websockets.client - protocol.py:keepalive_ping:1280 | % received keepalive pong
DEBUG    - [MainThread|MainProcess] - websockets.client - protocol.py:read_frame:1177 | < PONG '' [0 bytes]
DEBUG    - [MainThread|MainProcess] - websockets.client - protocol.py:read_frame:1177 | < TEXT '{"time":1741795389,"self_id":3949941233,"post_t...true},"interval":30000}' [149 bytes]
DEBUG    - [MainThread|MainProcess] - Loger - connect.py:on_message:34 | {'time': 1741795389, 'self_id': 3949941233, 'post_type': 'meta_event', 'meta_event_type': 'heartbeat', 'status': {'online': True, 'good': True}, 'interval': 30000}
DEBUG    - [MainThread|MainProcess] - websockets.client - protocol.py:keepalive_ping:1270 | % sending keepalive ping
DEBUG    - [MainThread|MainProcess] - websockets.client - protocol.py:write_frame_sync:1183 | > PING 72 bf a6 12 [binary, 4 bytes]
DEBUG    - [MainThread|MainProcess] - websockets.client - protocol.py:read_frame:1177 | < PONG 72 bf a6 12 [binary, 4 bytes]
DEBUG    - [MainThread|MainProcess] - websockets.client - protocol.py:read_frame:1177 | < PONG '' [0 bytes]
DEBUG    - [MainThread|MainProcess] - websockets.client - protocol.py:keepalive_ping:1280 | % received keepalive pong
DEBUG    - [MainThread|MainProcess] - websockets.client - protocol.py:write_close_frame:1232 | = connection is CLOSING
DEBUG    - [MainThread|MainProcess] - websockets.client - protocol.py:write_frame_sync:1183 | > CLOSE 1000 (OK) [2 bytes]
DEBUG    - [MainThread|MainProcess] - websockets.client - protocol.py:read_frame:1177 | < CLOSE 1000 (OK) [2 bytes]
DEBUG    - [MainThread|MainProcess] - websockets.client - protocol.py:connection_lost:1514 | = connection is CLOSED
DEBUG    - [MainThread|MainProcess] - ChangeDir - change_dir.py:__del__:136 | 对象销毁时清理临时目录: C:\Users\twilight\AppData\Local\Temp\tmp4386_psx
